c:\users\flclm\source\repos\aec_project_visuals\aec_project_visuals\debug\vc142.pdb
c:\users\flclm\source\repos\aec_project_visuals\aec_project_visuals\debug\vc142.idb
c:\users\flclm\source\repos\aec_project_visuals\aec_project_visuals\debug\yssimplesound_dsound.obj
c:\users\flclm\source\repos\aec_project_visuals\aec_project_visuals\debug\yssimplesound.obj
c:\users\flclm\source\repos\aec_project_visuals\aec_project_visuals\debug\scene2_jwoodfor.obj
c:\users\flclm\source\repos\aec_project_visuals\aec_project_visuals\debug\scene1_jwoodfor.obj
c:\users\flclm\source\repos\aec_project_visuals\aec_project_visuals\debug\mainfile.obj
c:\users\flclm\source\repos\aec_project_visuals\aec_project_visuals\debug\jwoodfor_building.obj
c:\users\flclm\source\repos\aec_project_visuals\aec_project_visuals\debug\ground_jwoodfor.obj
c:\users\flclm\source\repos\aec_project_visuals\aec_project_visuals\debug\fade_jwoodfor.obj
c:\users\flclm\source\repos\aec_project_visuals\aec_project_visuals\debug\car_jwoodfor.obj
c:\users\flclm\source\repos\aec_project_visuals\aec_project_visuals\debug\camera_jwoodfor.obj
c:\users\flclm\source\repos\aec_project_visuals\aec_project_visuals\debug\scene.obj
c:\users\flclm\source\repos\aec_project_visuals\aec_project_visuals\debug\volume.obj
c:\users\flclm\source\repos\aec_project_visuals\aec_project_visuals\debug\obstacle.obj
c:\users\flclm\source\repos\aec_project_visuals\aec_project_visuals\debug\drawing_jwoodfor.obj
c:\users\flclm\source\repos\aec_project_visuals\aec_project_visuals\debug\rrt_connect.obj
c:\users\flclm\source\repos\aec_project_visuals\aec_project_visuals\debug\volume_jwoodfor.obj
c:\users\flclm\source\repos\aec_project_visuals\aec_project_visuals\debug\scene_jwoodfor.obj
c:\users\flclm\source\repos\aec_project_visuals\aec_project_visuals\debug\astar.obj
c:\users\flclm\source\repos\aec_project_visuals\aec_project_visuals\debug\obstacle_jwoodfor.obj
c:\users\flclm\source\repos\aec_project_visuals\debug\aec_project_visuals.exe
c:\users\flclm\source\repos\aec_project_visuals\debug\aec_project_visuals.ilk
c:\users\flclm\source\repos\aec_project_visuals\debug\aec_project_visuals.pdb
c:\users\flclm\source\repos\aec_project_visuals\aec_project_visuals\debug\scene.obj.enc
c:\users\flclm\source\repos\aec_project_visuals\aec_project_visuals\debug\aec_proj.b6171d77.tlog\cl.command.1.tlog
c:\users\flclm\source\repos\aec_project_visuals\aec_project_visuals\debug\aec_proj.b6171d77.tlog\cl.read.1.tlog
c:\users\flclm\source\repos\aec_project_visuals\aec_project_visuals\debug\aec_proj.b6171d77.tlog\cl.write.1.tlog
c:\users\flclm\source\repos\aec_project_visuals\aec_project_visuals\debug\aec_proj.b6171d77.tlog\link.command.1.tlog
c:\users\flclm\source\repos\aec_project_visuals\aec_project_visuals\debug\aec_proj.b6171d77.tlog\link.read.1.tlog
c:\users\flclm\source\repos\aec_project_visuals\aec_project_visuals\debug\aec_proj.b6171d77.tlog\link.write.1.tlog
